Using pre-set license
Built from '2020.3/staging' branch; Version is '2020.3.11f1 (99c7afb366b3) revision 10078127'; Using compiler version '192528614'; Build Type 'Release'
OS: 'Windows 10 Pro; OS build 18363.959; Version 1909; 64bit' Language: 'en' Physical Memory: 16318 MB
BatchMode: 1, IsHumanControllingUs: 0, StartBugReporterOnCrash: 0, Is64bit: 1, IsPro: 0

 COMMAND LINE ARGUMENTS:
C:\Program Files\Unity\Hub\Editor\2020.3.11f1\Editor\Unity.exe
-adb2
-batchMode
-noUpm
-name
AssetImportWorker0
-projectPath
C:/Users/PICHAU/Documents/GMTK2021-bol
-logFile
Logs/AssetImportWorker0.log
-srvPort
63986
Successfully changed project path to: C:/Users/PICHAU/Documents/GMTK2021-bol
C:/Users/PICHAU/Documents/GMTK2021-bol
Using Asset Import Pipeline V2.
Refreshing native plugins compatible for Editor in 25.70 ms, found 2 plugins.
Preloading 0 native plugins for Editor in 0.00 ms.
Initialize engine version: 2020.3.11f1 (99c7afb366b3)
[Subsystems] Discovering subsystems at path C:/Program Files/Unity/Hub/Editor/2020.3.11f1/Editor/Data/Resources/UnitySubsystems
[Subsystems] Discovering subsystems at path C:/Users/PICHAU/Documents/GMTK2021-bol/Assets
GfxDevice: creating device client; threaded=0
Direct3D:
    Version:  Direct3D 11.0 [level 11.1]
    Renderer: Radeon RX 580 Series (ID=0x67df)
    Vendor:   
    VRAM:     8171 MB
    Driver:   27.20.14501.18003
Initialize mono
Mono path[0] = 'C:/Program Files/Unity/Hub/Editor/2020.3.11f1/Editor/Data/Managed'
Mono path[1] = 'C:/Program Files/Unity/Hub/Editor/2020.3.11f1/Editor/Data/MonoBleedingEdge/lib/mono/unityjit'
Mono config path = 'C:/Program Files/Unity/Hub/Editor/2020.3.11f1/Editor/Data/MonoBleedingEdge/etc'
Using monoOptions --debugger-agent=transport=dt_socket,embedding=1,server=y,suspend=n,address=127.0.0.1:56668
Begin MonoManager ReloadAssembly
Registering precompiled unity dll's ...
Register platform support module: C:/Program Files/Unity/Hub/Editor/2020.3.11f1/Editor/Data/PlaybackEngines/WebGLSupport/UnityEditor.WebGL.Extensions.dll
Register platform support module: C:/Program Files/Unity/Hub/Editor/2020.3.11f1/Editor/Data/PlaybackEngines/WindowsStandaloneSupport/UnityEditor.WindowsStandalone.Extensions.dll
Registered in 0.001939 seconds.
Native extension for WindowsStandalone target not found
Native extension for WebGL target not found
Refreshing native plugins compatible for Editor in 25.81 ms, found 2 plugins.
Preloading 0 native plugins for Editor in 0.00 ms.
Mono: successfully reloaded assembly
- Completed reload, in  1.134 seconds
Platform modules already initialized, skipping
Registering precompiled user dll's ...
Registered in 0.003073 seconds.
Begin MonoManager ReloadAssembly
Native extension for WindowsStandalone target not found
Native extension for WebGL target not found
Refreshing native plugins compatible for Editor in 0.33 ms, found 2 plugins.
Preloading 0 native plugins for Editor in 0.00 ms.
Mono: successfully reloaded assembly
- Completed reload, in  1.091 seconds
Platform modules already initialized, skipping
========================================================================
Worker process is ready to serve import requests
Launched and connected shader compiler UnityShaderCompiler.exe after 0.05 seconds
Refreshing native plugins compatible for Editor in 0.32 ms, found 2 plugins.
Preloading 0 native plugins for Editor in 0.00 ms.
Unloading 1387 Unused Serialized files (Serialized files now loaded: 0)
System memory in use before: 64.6 MB.
System memory in use after: 64.7 MB.

Unloading 18 unused Assets to reduce memory usage. Loaded Objects now: 1821.
Total: 1.776622 ms (FindLiveObjects: 0.148552 ms CreateObjectMapping: 0.033594 ms MarkObjects: 1.520584 ms  DeleteObjects: 0.067676 ms)

========================================================================
Received Import Request.
  path: Assets/arteTemp/mão palma.psd
  artifactKey: Guid(218cfce2a2240e14dac00210eeb19c07) Importer(815301076,1909f56bfc062723c751e8b465ee728b)
Start importing Assets/arteTemp/mão palma.psd using Guid(218cfce2a2240e14dac00210eeb19c07) Importer(815301076,1909f56bfc062723c751e8b465ee728b)  -> (artifact id: '19ec759685cbd73b8b04d8a899880b61') in 0.109464 seconds
  Import took 0.111595 seconds .

========================================================================
Received Import Request.
  Time since last request: 0.001020 seconds.
  path: Assets/arteTemp/mão palma.psd
  artifactKey: Guid(218cfce2a2240e14dac00210eeb19c07) Importer(815301076,1909f56bfc062723c751e8b465ee728b)
Start importing Assets/arteTemp/mão palma.psd using Guid(218cfce2a2240e14dac00210eeb19c07) Importer(815301076,1909f56bfc062723c751e8b465ee728b)  -> (artifact id: '19ec759685cbd73b8b04d8a899880b61') in 0.006324 seconds
  Import took 0.008177 seconds .

========================================================================
Received Prepare
Registering precompiled user dll's ...
Registered in 0.002853 seconds.
Begin MonoManager ReloadAssembly
Native extension for WindowsStandalone target not found
Native extension for WebGL target not found
Refreshing native plugins compatible for Editor in 0.35 ms, found 2 plugins.
Preloading 0 native plugins for Editor in 0.00 ms.
Mono: successfully reloaded assembly
- Completed reload, in  1.024 seconds
Platform modules already initialized, skipping
Refreshing native plugins compatible for Editor in 0.30 ms, found 2 plugins.
Preloading 0 native plugins for Editor in 0.00 ms.
Unloading 1381 Unused Serialized files (Serialized files now loaded: 0)
System memory in use before: 67.5 MB.
System memory in use after: 67.6 MB.

Unloading 13 unused Assets to reduce memory usage. Loaded Objects now: 1830.
Total: 1.622343 ms (FindLiveObjects: 0.130533 ms CreateObjectMapping: 0.033175 ms MarkObjects: 1.437753 ms  DeleteObjects: 0.015156 ms)

========================================================================
Received Prepare
Registering precompiled user dll's ...
Registered in 0.003007 seconds.
Begin MonoManager ReloadAssembly
Native extension for WindowsStandalone target not found
Native extension for WebGL target not found
Refreshing native plugins compatible for Editor in 0.33 ms, found 2 plugins.
Preloading 0 native plugins for Editor in 0.00 ms.
Mono: successfully reloaded assembly
- Completed reload, in  1.021 seconds
Platform modules already initialized, skipping
Refreshing native plugins compatible for Editor in 0.23 ms, found 2 plugins.
Preloading 0 native plugins for Editor in 0.00 ms.
Unloading 1381 Unused Serialized files (Serialized files now loaded: 0)
System memory in use before: 67.5 MB.
System memory in use after: 67.6 MB.

Unloading 13 unused Assets to reduce memory usage. Loaded Objects now: 1833.
Total: 1.654959 ms (FindLiveObjects: 0.133886 ms CreateObjectMapping: 0.033105 ms MarkObjects: 1.467645 ms  DeleteObjects: 0.014248 ms)

========================================================================
Received Prepare
Registering precompiled user dll's ...
Registered in 0.002940 seconds.
Begin MonoManager ReloadAssembly
Native extension for WindowsStandalone target not found
Native extension for WebGL target not found
Refreshing native plugins compatible for Editor in 0.34 ms, found 2 plugins.
Preloading 0 native plugins for Editor in 0.00 ms.
Mono: successfully reloaded assembly
- Completed reload, in  1.092 seconds
Platform modules already initialized, skipping
Refreshing native plugins compatible for Editor in 0.23 ms, found 2 plugins.
Preloading 0 native plugins for Editor in 0.00 ms.
Unloading 1381 Unused Serialized files (Serialized files now loaded: 0)
System memory in use before: 67.6 MB.
System memory in use after: 67.7 MB.

Unloading 13 unused Assets to reduce memory usage. Loaded Objects now: 1836.
Total: 1.630864 ms (FindLiveObjects: 0.130114 ms CreateObjectMapping: 0.033105 ms MarkObjects: 1.443480 ms  DeleteObjects: 0.016133 ms)

========================================================================
Received Prepare
Registering precompiled user dll's ...
Registered in 0.002892 seconds.
Begin MonoManager ReloadAssembly
Native extension for WindowsStandalone target not found
Native extension for WebGL target not found
Refreshing native plugins compatible for Editor in 0.33 ms, found 2 plugins.
Preloading 0 native plugins for Editor in 0.00 ms.
Mono: successfully reloaded assembly
- Completed reload, in  1.059 seconds
Platform modules already initialized, skipping
Refreshing native plugins compatible for Editor in 0.31 ms, found 2 plugins.
Preloading 0 native plugins for Editor in 0.00 ms.
Unloading 1381 Unused Serialized files (Serialized files now loaded: 0)
System memory in use before: 67.6 MB.
System memory in use after: 67.7 MB.

Unloading 13 unused Assets to reduce memory usage. Loaded Objects now: 1839.
Total: 1.836197 ms (FindLiveObjects: 0.154629 ms CreateObjectMapping: 0.035060 ms MarkObjects: 1.620457 ms  DeleteObjects: 0.017041 ms)

========================================================================
Received Prepare
Registering precompiled user dll's ...
Registered in 0.003747 seconds.
Begin MonoManager ReloadAssembly
Native extension for WindowsStandalone target not found
Native extension for WebGL target not found
Refreshing native plugins compatible for Editor in 0.33 ms, found 2 plugins.
Preloading 0 native plugins for Editor in 0.00 ms.
Mono: successfully reloaded assembly
- Completed reload, in  1.037 seconds
Platform modules already initialized, skipping
Refreshing native plugins compatible for Editor in 0.31 ms, found 2 plugins.
Preloading 0 native plugins for Editor in 0.00 ms.
Unloading 1381 Unused Serialized files (Serialized files now loaded: 0)
System memory in use before: 67.6 MB.
System memory in use after: 67.7 MB.

Unloading 13 unused Assets to reduce memory usage. Loaded Objects now: 1842.
Total: 1.676261 ms (FindLiveObjects: 0.133886 ms CreateObjectMapping: 0.033594 ms MarkObjects: 1.487899 ms  DeleteObjects: 0.014667 ms)

========================================================================
Received Prepare
Registering precompiled user dll's ...
Registered in 0.002910 seconds.
Begin MonoManager ReloadAssembly
Native extension for WindowsStandalone target not found
Native extension for WebGL target not found
Refreshing native plugins compatible for Editor in 0.34 ms, found 2 plugins.
Preloading 0 native plugins for Editor in 0.00 ms.
Mono: successfully reloaded assembly
- Completed reload, in  1.070 seconds
Platform modules already initialized, skipping
Refreshing native plugins compatible for Editor in 0.34 ms, found 2 plugins.
Preloading 0 native plugins for Editor in 0.00 ms.
Unloading 1381 Unused Serialized files (Serialized files now loaded: 0)
System memory in use before: 67.6 MB.
System memory in use after: 67.7 MB.

Unloading 13 unused Assets to reduce memory usage. Loaded Objects now: 1845.
Total: 1.693791 ms (FindLiveObjects: 0.146667 ms CreateObjectMapping: 0.035060 ms MarkObjects: 1.487410 ms  DeleteObjects: 0.016133 ms)

========================================================================
Received Prepare
Registering precompiled user dll's ...
Registered in 0.002922 seconds.
Begin MonoManager ReloadAssembly
Native extension for WindowsStandalone target not found
Native extension for WebGL target not found
Refreshing native plugins compatible for Editor in 0.33 ms, found 2 plugins.
Preloading 0 native plugins for Editor in 0.00 ms.
Mono: successfully reloaded assembly
- Completed reload, in  1.025 seconds
Platform modules already initialized, skipping
Refreshing native plugins compatible for Editor in 0.32 ms, found 2 plugins.
Preloading 0 native plugins for Editor in 0.00 ms.
Unloading 1381 Unused Serialized files (Serialized files now loaded: 0)
System memory in use before: 67.6 MB.
System memory in use after: 67.7 MB.

Unloading 13 unused Assets to reduce memory usage. Loaded Objects now: 1848.
Total: 1.866927 ms (FindLiveObjects: 0.181168 ms CreateObjectMapping: 0.034083 ms MarkObjects: 1.620876 ms  DeleteObjects: 0.019416 ms)

========================================================================
Received Prepare
Registering precompiled user dll's ...
Registered in 0.003019 seconds.
Begin MonoManager ReloadAssembly
Native extension for WindowsStandalone target not found
Native extension for WebGL target not found
Refreshing native plugins compatible for Editor in 0.32 ms, found 2 plugins.
Preloading 0 native plugins for Editor in 0.00 ms.
Mono: successfully reloaded assembly
- Completed reload, in  1.053 seconds
Platform modules already initialized, skipping
Refreshing native plugins compatible for Editor in 0.32 ms, found 2 plugins.
Preloading 0 native plugins for Editor in 0.00 ms.
Unloading 1381 Unused Serialized files (Serialized files now loaded: 0)
System memory in use before: 67.6 MB.
System memory in use after: 67.7 MB.

Unloading 13 unused Assets to reduce memory usage. Loaded Objects now: 1851.
Total: 1.809238 ms (FindLiveObjects: 0.176908 ms CreateObjectMapping: 0.034571 ms MarkObjects: 1.574013 ms  DeleteObjects: 0.017530 ms)

========================================================================
Received Prepare
Registering precompiled user dll's ...
Registered in 0.003060 seconds.
Begin MonoManager ReloadAssembly
Native extension for WindowsStandalone target not found
Native extension for WebGL target not found
Refreshing native plugins compatible for Editor in 0.33 ms, found 2 plugins.
Preloading 0 native plugins for Editor in 0.00 ms.
Mono: successfully reloaded assembly
- Completed reload, in  1.022 seconds
Platform modules already initialized, skipping
Refreshing native plugins compatible for Editor in 0.21 ms, found 2 plugins.
Preloading 0 native plugins for Editor in 0.00 ms.
Unloading 1381 Unused Serialized files (Serialized files now loaded: 0)
System memory in use before: 67.6 MB.
System memory in use after: 67.7 MB.

Unloading 13 unused Assets to reduce memory usage. Loaded Objects now: 1854.
Total: 1.627511 ms (FindLiveObjects: 0.153790 ms CreateObjectMapping: 0.032197 ms MarkObjects: 1.418407 ms  DeleteObjects: 0.015156 ms)

========================================================================
Received Prepare
Registering precompiled user dll's ...
Registered in 0.003082 seconds.
Begin MonoManager ReloadAssembly
Native extension for WindowsStandalone target not found
Native extension for WebGL target not found
Refreshing native plugins compatible for Editor in 0.34 ms, found 2 plugins.
Preloading 0 native plugins for Editor in 0.00 ms.
Mono: successfully reloaded assembly
- Completed reload, in  1.042 seconds
Platform modules already initialized, skipping
Refreshing native plugins compatible for Editor in 0.31 ms, found 2 plugins.
Preloading 0 native plugins for Editor in 0.00 ms.
Unloading 1381 Unused Serialized files (Serialized files now loaded: 0)
System memory in use before: 67.6 MB.
System memory in use after: 67.7 MB.

Unloading 13 unused Assets to reduce memory usage. Loaded Objects now: 1857.
Total: 1.677727 ms (FindLiveObjects: 0.131022 ms CreateObjectMapping: 0.034013 ms MarkObjects: 1.487968 ms  DeleteObjects: 0.014737 ms)

========================================================================
Received Prepare
Registering precompiled user dll's ...
Registered in 0.002992 seconds.
Begin MonoManager ReloadAssembly
Native extension for WindowsStandalone target not found
Native extension for WebGL target not found
Refreshing native plugins compatible for Editor in 0.33 ms, found 2 plugins.
Preloading 0 native plugins for Editor in 0.00 ms.
Mono: successfully reloaded assembly
- Completed reload, in  1.046 seconds
Platform modules already initialized, skipping
Refreshing native plugins compatible for Editor in 0.41 ms, found 2 plugins.
Preloading 0 native plugins for Editor in 0.00 ms.
Unloading 1381 Unused Serialized files (Serialized files now loaded: 0)
System memory in use before: 67.6 MB.
System memory in use after: 67.7 MB.

Unloading 13 unused Assets to reduce memory usage. Loaded Objects now: 1860.
Total: 1.852261 ms (FindLiveObjects: 0.176000 ms CreateObjectMapping: 0.034990 ms MarkObjects: 1.612495 ms  DeleteObjects: 0.020254 ms)

========================================================================
Received Prepare
Registering precompiled user dll's ...
Registered in 0.002884 seconds.
Begin MonoManager ReloadAssembly
Native extension for WindowsStandalone target not found
Native extension for WebGL target not found
Refreshing native plugins compatible for Editor in 0.34 ms, found 2 plugins.
Preloading 0 native plugins for Editor in 0.00 ms.
Mono: successfully reloaded assembly
- Completed reload, in  1.030 seconds
Platform modules already initialized, skipping
Refreshing native plugins compatible for Editor in 0.33 ms, found 2 plugins.
Preloading 0 native plugins for Editor in 0.00 ms.
Unloading 1381 Unused Serialized files (Serialized files now loaded: 0)
System memory in use before: 67.6 MB.
System memory in use after: 67.7 MB.

Unloading 13 unused Assets to reduce memory usage. Loaded Objects now: 1863.
Total: 1.804978 ms (FindLiveObjects: 0.167479 ms CreateObjectMapping: 0.033524 ms MarkObjects: 1.577854 ms  DeleteObjects: 0.020813 ms)

========================================================================
Received Prepare
Registering precompiled user dll's ...
Registered in 0.002849 seconds.
Begin MonoManager ReloadAssembly
Native extension for WindowsStandalone target not found
Native extension for WebGL target not found
Refreshing native plugins compatible for Editor in 0.34 ms, found 2 plugins.
Preloading 0 native plugins for Editor in 0.00 ms.
Mono: successfully reloaded assembly
- Completed reload, in  1.029 seconds
Platform modules already initialized, skipping
Refreshing native plugins compatible for Editor in 0.33 ms, found 2 plugins.
Preloading 0 native plugins for Editor in 0.00 ms.
Unloading 1381 Unused Serialized files (Serialized files now loaded: 0)
System memory in use before: 67.6 MB.
System memory in use after: 67.7 MB.

Unloading 13 unused Assets to reduce memory usage. Loaded Objects now: 1866.
Total: 1.739188 ms (FindLiveObjects: 0.143384 ms CreateObjectMapping: 0.037365 ms MarkObjects: 1.533854 ms  DeleteObjects: 0.017041 ms)

========================================================================
Received Prepare
Registering precompiled user dll's ...
Registered in 0.002889 seconds.
Begin MonoManager ReloadAssembly
Native extension for WindowsStandalone target not found
Native extension for WebGL target not found
Refreshing native plugins compatible for Editor in 0.36 ms, found 2 plugins.
Preloading 0 native plugins for Editor in 0.00 ms.
Mono: successfully reloaded assembly
- Completed reload, in  1.029 seconds
Platform modules already initialized, skipping
Refreshing native plugins compatible for Editor in 0.33 ms, found 2 plugins.
Preloading 0 native plugins for Editor in 0.00 ms.
Unloading 1381 Unused Serialized files (Serialized files now loaded: 0)
System memory in use before: 67.6 MB.
System memory in use after: 67.7 MB.

Unloading 13 unused Assets to reduce memory usage. Loaded Objects now: 1869.
Total: 1.703149 ms (FindLiveObjects: 0.143314 ms CreateObjectMapping: 0.035549 ms MarkObjects: 1.503962 ms  DeleteObjects: 0.014667 ms)

========================================================================
Received Prepare
Registering precompiled user dll's ...
Registered in 0.003428 seconds.
Begin MonoManager ReloadAssembly
Native extension for WindowsStandalone target not found
Native extension for WebGL target not found
Refreshing native plugins compatible for Editor in 0.33 ms, found 2 plugins.
Preloading 0 native plugins for Editor in 0.00 ms.
Mono: successfully reloaded assembly
- Completed reload, in  1.026 seconds
Platform modules already initialized, skipping
Refreshing native plugins compatible for Editor in 0.27 ms, found 2 plugins.
Preloading 0 native plugins for Editor in 0.00 ms.
Unloading 1381 Unused Serialized files (Serialized files now loaded: 0)
System memory in use before: 67.6 MB.
System memory in use after: 67.7 MB.

Unloading 13 unused Assets to reduce memory usage. Loaded Objects now: 1872.
Total: 1.926013 ms (FindLiveObjects: 0.166571 ms CreateObjectMapping: 0.034013 ms MarkObjects: 1.697562 ms  DeleteObjects: 0.020813 ms)

========================================================================
Received Prepare
Registering precompiled user dll's ...
Registered in 0.003142 seconds.
Begin MonoManager ReloadAssembly
Native extension for WindowsStandalone target not found
Native extension for WebGL target not found
Refreshing native plugins compatible for Editor in 0.33 ms, found 2 plugins.
Preloading 0 native plugins for Editor in 0.00 ms.
Mono: successfully reloaded assembly
- Completed reload, in  1.022 seconds
Platform modules already initialized, skipping
Refreshing native plugins compatible for Editor in 0.35 ms, found 2 plugins.
Preloading 0 native plugins for Editor in 0.00 ms.
Unloading 1381 Unused Serialized files (Serialized files now loaded: 0)
System memory in use before: 67.6 MB.
System memory in use after: 67.8 MB.

Unloading 13 unused Assets to reduce memory usage. Loaded Objects now: 1875.
Total: 1.659638 ms (FindLiveObjects: 0.137238 ms CreateObjectMapping: 0.034083 ms MarkObjects: 1.465689 ms  DeleteObjects: 0.015086 ms)

========================================================================
Received Prepare
Registering precompiled user dll's ...
Registered in 0.002818 seconds.
Begin MonoManager ReloadAssembly
Native extension for WindowsStandalone target not found
Native extension for WebGL target not found
Refreshing native plugins compatible for Editor in 0.35 ms, found 2 plugins.
Preloading 0 native plugins for Editor in 0.00 ms.
Mono: successfully reloaded assembly
- Completed reload, in  1.054 seconds
Platform modules already initialized, skipping
Refreshing native plugins compatible for Editor in 0.45 ms, found 2 plugins.
Preloading 0 native plugins for Editor in 0.00 ms.
Unloading 1381 Unused Serialized files (Serialized files now loaded: 0)
System memory in use before: 67.7 MB.
System memory in use after: 67.8 MB.

Unloading 13 unused Assets to reduce memory usage. Loaded Objects now: 1878.
Total: 1.755810 ms (FindLiveObjects: 0.175511 ms CreateObjectMapping: 0.037295 ms MarkObjects: 1.515905 ms  DeleteObjects: 0.016133 ms)

========================================================================
Received Prepare
Registering precompiled user dll's ...
Registered in 0.003099 seconds.
Begin MonoManager ReloadAssembly
Native extension for WindowsStandalone target not found
Native extension for WebGL target not found
Refreshing native plugins compatible for Editor in 0.33 ms, found 2 plugins.
Preloading 0 native plugins for Editor in 0.00 ms.
Mono: successfully reloaded assembly
- Completed reload, in  1.020 seconds
Platform modules already initialized, skipping
Refreshing native plugins compatible for Editor in 0.32 ms, found 2 plugins.
Preloading 0 native plugins for Editor in 0.00 ms.
Unloading 1381 Unused Serialized files (Serialized files now loaded: 0)
System memory in use before: 67.7 MB.
System memory in use after: 67.8 MB.

Unloading 13 unused Assets to reduce memory usage. Loaded Objects now: 1881.
Total: 1.723962 ms (FindLiveObjects: 0.169854 ms CreateObjectMapping: 0.034013 ms MarkObjects: 1.497467 ms  DeleteObjects: 0.016552 ms)

========================================================================
Received Prepare
Registering precompiled user dll's ...
Registered in 0.002979 seconds.
Begin MonoManager ReloadAssembly
Native extension for WindowsStandalone target not found
Native extension for WebGL target not found
Refreshing native plugins compatible for Editor in 0.34 ms, found 2 plugins.
Preloading 0 native plugins for Editor in 0.00 ms.
Mono: successfully reloaded assembly
- Completed reload, in  1.039 seconds
Platform modules already initialized, skipping
Refreshing native plugins compatible for Editor in 0.27 ms, found 2 plugins.
Preloading 0 native plugins for Editor in 0.00 ms.
Unloading 1381 Unused Serialized files (Serialized files now loaded: 0)
System memory in use before: 67.7 MB.
System memory in use after: 67.8 MB.

Unloading 13 unused Assets to reduce memory usage. Loaded Objects now: 1884.
Total: 1.862248 ms (FindLiveObjects: 0.178375 ms CreateObjectMapping: 0.034083 ms MarkObjects: 1.620457 ms  DeleteObjects: 0.019905 ms)

========================================================================
Received Prepare
Registering precompiled user dll's ...
Registered in 0.002954 seconds.
Begin MonoManager ReloadAssembly
Native extension for WindowsStandalone target not found
Native extension for WebGL target not found
Refreshing native plugins compatible for Editor in 0.33 ms, found 2 plugins.
Preloading 0 native plugins for Editor in 0.00 ms.
Mono: successfully reloaded assembly
- Completed reload, in  1.037 seconds
Platform modules already initialized, skipping
Refreshing native plugins compatible for Editor in 0.25 ms, found 2 plugins.
Preloading 0 native plugins for Editor in 0.00 ms.
Unloading 1381 Unused Serialized files (Serialized files now loaded: 0)
System memory in use before: 67.7 MB.
System memory in use after: 67.8 MB.

Unloading 13 unused Assets to reduce memory usage. Loaded Objects now: 1887.
Total: 1.720261 ms (FindLiveObjects: 0.164127 ms CreateObjectMapping: 0.034152 ms MarkObjects: 1.496419 ms  DeleteObjects: 0.016552 ms)

========================================================================
Received Prepare
Registering precompiled user dll's ...
Registered in 0.002873 seconds.
Begin MonoManager ReloadAssembly
Native extension for WindowsStandalone target not found
Native extension for WebGL target not found
Refreshing native plugins compatible for Editor in 0.35 ms, found 2 plugins.
Preloading 0 native plugins for Editor in 0.00 ms.
Mono: successfully reloaded assembly
- Completed reload, in  1.075 seconds
Platform modules already initialized, skipping
Refreshing native plugins compatible for Editor in 0.28 ms, found 2 plugins.
Preloading 0 native plugins for Editor in 0.00 ms.
Unloading 1381 Unused Serialized files (Serialized files now loaded: 0)
System memory in use before: 67.7 MB.
System memory in use after: 67.8 MB.

Unloading 13 unused Assets to reduce memory usage. Loaded Objects now: 1890.
Total: 1.741073 ms (FindLiveObjects: 0.138076 ms CreateObjectMapping: 0.034502 ms MarkObjects: 1.542794 ms  DeleteObjects: 0.015644 ms)

========================================================================
Received Prepare
Registering precompiled user dll's ...
Registered in 0.003530 seconds.
Begin MonoManager ReloadAssembly
Native extension for WindowsStandalone target not found
Native extension for WebGL target not found
Refreshing native plugins compatible for Editor in 0.34 ms, found 2 plugins.
Preloading 0 native plugins for Editor in 0.00 ms.
Mono: successfully reloaded assembly
- Completed reload, in  1.047 seconds
Platform modules already initialized, skipping
Refreshing native plugins compatible for Editor in 0.27 ms, found 2 plugins.
Preloading 0 native plugins for Editor in 0.00 ms.
Unloading 1381 Unused Serialized files (Serialized files now loaded: 0)
System memory in use before: 67.7 MB.
System memory in use after: 67.8 MB.

Unloading 13 unused Assets to reduce memory usage. Loaded Objects now: 1893.
Total: 1.749105 ms (FindLiveObjects: 0.166083 ms CreateObjectMapping: 0.034502 ms MarkObjects: 1.522470 ms  DeleteObjects: 0.017041 ms)

========================================================================
Received Prepare
Registering precompiled user dll's ...
Registered in 0.003013 seconds.
Begin MonoManager ReloadAssembly
Native extension for WindowsStandalone target not found
Native extension for WebGL target not found
Refreshing native plugins compatible for Editor in 0.34 ms, found 2 plugins.
Preloading 0 native plugins for Editor in 0.00 ms.
Mono: successfully reloaded assembly
- Completed reload, in  1.043 seconds
Platform modules already initialized, skipping
Refreshing native plugins compatible for Editor in 0.27 ms, found 2 plugins.
Preloading 0 native plugins for Editor in 0.00 ms.
Unloading 1381 Unused Serialized files (Serialized files now loaded: 0)
System memory in use before: 67.7 MB.
System memory in use after: 67.8 MB.

Unloading 13 unused Assets to reduce memory usage. Loaded Objects now: 1896.
Total: 2.247423 ms (FindLiveObjects: 0.167479 ms CreateObjectMapping: 0.034502 ms MarkObjects: 2.012197 ms  DeleteObjects: 0.024584 ms)

========================================================================
Received Prepare
Registering precompiled user dll's ...
Registered in 0.003446 seconds.
Begin MonoManager ReloadAssembly
Native extension for WindowsStandalone target not found
Native extension for WebGL target not found
Refreshing native plugins compatible for Editor in 0.33 ms, found 2 plugins.
Preloading 0 native plugins for Editor in 0.00 ms.
Mono: successfully reloaded assembly
- Completed reload, in  1.044 seconds
Platform modules already initialized, skipping
Refreshing native plugins compatible for Editor in 0.24 ms, found 2 plugins.
Preloading 0 native plugins for Editor in 0.00 ms.
Unloading 1381 Unused Serialized files (Serialized files now loaded: 0)
System memory in use before: 67.7 MB.
System memory in use after: 67.8 MB.

Unloading 13 unused Assets to reduce memory usage. Loaded Objects now: 1899.
Total: 1.733530 ms (FindLiveObjects: 0.149460 ms CreateObjectMapping: 0.034990 ms MarkObjects: 1.523937 ms  DeleteObjects: 0.017530 ms)

========================================================================
Received Prepare
Registering precompiled user dll's ...
Registered in 0.003168 seconds.
Begin MonoManager ReloadAssembly
Native extension for WindowsStandalone target not found
Native extension for WebGL target not found
Refreshing native plugins compatible for Editor in 0.33 ms, found 2 plugins.
Preloading 0 native plugins for Editor in 0.00 ms.
Mono: successfully reloaded assembly
- Completed reload, in  1.033 seconds
Platform modules already initialized, skipping
Refreshing native plugins compatible for Editor in 0.31 ms, found 2 plugins.
Preloading 0 native plugins for Editor in 0.00 ms.
Unloading 1381 Unused Serialized files (Serialized files now loaded: 0)
System memory in use before: 67.7 MB.
System memory in use after: 67.8 MB.

Unloading 13 unused Assets to reduce memory usage. Loaded Objects now: 1902.
Total: 1.719353 ms (FindLiveObjects: 0.150508 ms CreateObjectMapping: 0.034502 ms MarkObjects: 1.507873 ms  DeleteObjects: 0.016483 ms)

========================================================================
Received Prepare
Registering precompiled user dll's ...
Registered in 0.002906 seconds.
Begin MonoManager ReloadAssembly
Native extension for WindowsStandalone target not found
Native extension for WebGL target not found
Refreshing native plugins compatible for Editor in 0.34 ms, found 2 plugins.
Preloading 0 native plugins for Editor in 0.00 ms.
Mono: successfully reloaded assembly
- Completed reload, in  1.028 seconds
Platform modules already initialized, skipping
Refreshing native plugins compatible for Editor in 0.30 ms, found 2 plugins.
Preloading 0 native plugins for Editor in 0.00 ms.
Unloading 1381 Unused Serialized files (Serialized files now loaded: 0)
System memory in use before: 67.7 MB.
System memory in use after: 67.8 MB.

Unloading 13 unused Assets to reduce memory usage. Loaded Objects now: 1905.
Total: 1.724940 ms (FindLiveObjects: 0.170762 ms CreateObjectMapping: 0.034083 ms MarkObjects: 1.496978 ms  DeleteObjects: 0.015644 ms)

========================================================================
Received Prepare
Registering precompiled user dll's ...
Registered in 0.003005 seconds.
Begin MonoManager ReloadAssembly
Native extension for WindowsStandalone target not found
Native extension for WebGL target not found
Refreshing native plugins compatible for Editor in 0.33 ms, found 2 plugins.
Preloading 0 native plugins for Editor in 0.00 ms.
Mono: successfully reloaded assembly
- Completed reload, in  1.058 seconds
Platform modules already initialized, skipping
Refreshing native plugins compatible for Editor in 0.27 ms, found 2 plugins.
Preloading 0 native plugins for Editor in 0.00 ms.
Unloading 1382 Unused Serialized files (Serialized files now loaded: 0)
System memory in use before: 67.7 MB.
System memory in use after: 67.8 MB.

Unloading 13 unused Assets to reduce memory usage. Loaded Objects now: 1909.
Total: 1.757207 ms (FindLiveObjects: 0.169435 ms CreateObjectMapping: 0.035968 ms MarkObjects: 1.525822 ms  DeleteObjects: 0.018927 ms)

========================================================================
Received Import Request.
  Time since last request: 3183.600097 seconds.
  path: Assets/scripts/CpuControler.cs
  artifactKey: Guid(7fa0fa3d6c2d4e6478ae80e087ffe35d) Importer(815301076,1909f56bfc062723c751e8b465ee728b)
Start importing Assets/scripts/CpuControler.cs using Guid(7fa0fa3d6c2d4e6478ae80e087ffe35d) Importer(815301076,1909f56bfc062723c751e8b465ee728b)  -> (artifact id: '3df486afd493e8a6fbb721f8608d308d') in 0.006659 seconds
  Import took 0.008798 seconds .

========================================================================
Received Import Request.
  Time since last request: 523.358606 seconds.
  path: Assets/scripts/Player.cs
  artifactKey: Guid(10fab2daeba110b44ac6ff4e30143593) Importer(815301076,1909f56bfc062723c751e8b465ee728b)
Start importing Assets/scripts/Player.cs using Guid(10fab2daeba110b44ac6ff4e30143593) Importer(815301076,1909f56bfc062723c751e8b465ee728b)  -> (artifact id: 'c87760a9103c1a4c12ad94251287e4ba') in 0.001995 seconds
  Import took 0.004507 seconds .

========================================================================
Received Import Request.
  Time since last request: 0.035800 seconds.
  path: Assets/scripts/Player.cs
  artifactKey: Guid(10fab2daeba110b44ac6ff4e30143593) Importer(815301076,1909f56bfc062723c751e8b465ee728b)
Start importing Assets/scripts/Player.cs using Guid(10fab2daeba110b44ac6ff4e30143593) Importer(815301076,1909f56bfc062723c751e8b465ee728b)  -> (artifact id: 'c87760a9103c1a4c12ad94251287e4ba') in 0.001892 seconds
  Import took 0.003958 seconds .

========================================================================
Received Prepare
Registering precompiled user dll's ...
Registered in 0.002866 seconds.
Begin MonoManager ReloadAssembly
Native extension for WindowsStandalone target not found
Native extension for WebGL target not found
Refreshing native plugins compatible for Editor in 0.34 ms, found 2 plugins.
Preloading 0 native plugins for Editor in 0.00 ms.
Mono: successfully reloaded assembly
- Completed reload, in  1.034 seconds
Platform modules already initialized, skipping
Refreshing native plugins compatible for Editor in 0.34 ms, found 2 plugins.
Preloading 0 native plugins for Editor in 0.00 ms.
Unloading 1382 Unused Serialized files (Serialized files now loaded: 0)
System memory in use before: 67.7 MB.
System memory in use after: 67.9 MB.

Unloading 13 unused Assets to reduce memory usage. Loaded Objects now: 1912.
Total: 1.751549 ms (FindLiveObjects: 0.141010 ms CreateObjectMapping: 0.034013 ms MarkObjects: 1.531061 ms  DeleteObjects: 0.034502 ms)

========================================================================
Received Import Request.
  Time since last request: 421.965445 seconds.
  path: Assets/player.prefab
  artifactKey: Guid(230cc458179e9c248ba4e4452f17afa9) Importer(815301076,1909f56bfc062723c751e8b465ee728b)
Start importing Assets/player.prefab using Guid(230cc458179e9c248ba4e4452f17afa9) Importer(815301076,1909f56bfc062723c751e8b465ee728b)  -> (artifact id: '81eb8854835d5a5e73072eb16e878f78') in 0.082559 seconds
  Import took 0.084939 seconds .

========================================================================
Received Import Request.
  Time since last request: 7.305656 seconds.
  path: Assets/prefabs
  artifactKey: Guid(f40c8e1922f60b145b349c480a22b31e) Importer(815301076,1909f56bfc062723c751e8b465ee728b)
Start importing Assets/prefabs using Guid(f40c8e1922f60b145b349c480a22b31e) Importer(815301076,1909f56bfc062723c751e8b465ee728b)  -> (artifact id: '462bb6661f0a4e584c773381e01d5305') in 0.001855 seconds
  Import took 0.004272 seconds .

========================================================================
Received Import Request.
  Time since last request: 291.656164 seconds.
  path: Assets/arteTemp/maxresdefault.jpg
  artifactKey: Guid(6962b85df3d8ac9438bdfa1b4c05c0cd) Importer(815301076,1909f56bfc062723c751e8b465ee728b)
Start importing Assets/arteTemp/maxresdefault.jpg using Guid(6962b85df3d8ac9438bdfa1b4c05c0cd) Importer(815301076,1909f56bfc062723c751e8b465ee728b)  -> (artifact id: 'c2bae80842f8261ac7f44ed94bf531c7') in 0.022768 seconds
  Import took 0.025437 seconds .

========================================================================
Received Import Request.
  Time since last request: 0.000239 seconds.
  path: Assets/arteTemp/mão costa.psd
  artifactKey: Guid(d945068de2bfd494a99f95ae26916ba0) Importer(815301076,1909f56bfc062723c751e8b465ee728b)
Start importing Assets/arteTemp/mão costa.psd using Guid(d945068de2bfd494a99f95ae26916ba0) Importer(815301076,1909f56bfc062723c751e8b465ee728b)  -> (artifact id: 'df7681e9693332a15bd77d8992f7e707') in 0.008513 seconds
  Import took 0.010739 seconds .

========================================================================
Received Import Request.
  Time since last request: 0.037944 seconds.
  path: Assets/arteTemp/maxresdefault.jpg
  artifactKey: Guid(6962b85df3d8ac9438bdfa1b4c05c0cd) Importer(815301076,1909f56bfc062723c751e8b465ee728b)
Start importing Assets/arteTemp/maxresdefault.jpg using Guid(6962b85df3d8ac9438bdfa1b4c05c0cd) Importer(815301076,1909f56bfc062723c751e8b465ee728b)  -> (artifact id: 'c2bae80842f8261ac7f44ed94bf531c7') in 0.004674 seconds
  Import took 0.006987 seconds .

========================================================================
Received Import Request.
  Time since last request: 33.971755 seconds.
  path: Assets/arteTemp/mão costa.psd
  artifactKey: Guid(d945068de2bfd494a99f95ae26916ba0) Importer(815301076,1909f56bfc062723c751e8b465ee728b)
Start importing Assets/arteTemp/mão costa.psd using Guid(d945068de2bfd494a99f95ae26916ba0) Importer(815301076,1909f56bfc062723c751e8b465ee728b)  -> (artifact id: 'bb3d9af9d5ce5b1bfc206b32bbb199ba') in 0.025506 seconds
  Import took 0.027932 seconds .

========================================================================
Received Import Request.
  Time since last request: 13.770501 seconds.
  path: Assets/arteTemp/mão palma.psd
  artifactKey: Guid(218cfce2a2240e14dac00210eeb19c07) Importer(815301076,1909f56bfc062723c751e8b465ee728b)
Start importing Assets/arteTemp/mão palma.psd using Guid(218cfce2a2240e14dac00210eeb19c07) Importer(815301076,1909f56bfc062723c751e8b465ee728b)  -> (artifact id: 'a602d36d3cf3aeda7859f19e4707b365') in 0.009786 seconds
  Import took 0.012109 seconds .

========================================================================
Received Import Request.
  Time since last request: 72.480204 seconds.
  path: Assets/arteTemp/mão costa.psd
  artifactKey: Guid(d945068de2bfd494a99f95ae26916ba0) Importer(815301076,1909f56bfc062723c751e8b465ee728b)
Start importing Assets/arteTemp/mão costa.psd using Guid(d945068de2bfd494a99f95ae26916ba0) Importer(815301076,1909f56bfc062723c751e8b465ee728b)  -> (artifact id: '4ddea776fda9c93f5e546d90b6a01e8a') in 0.009728 seconds
  Import took 0.012262 seconds .

========================================================================
Received Import Request.
  Time since last request: 87.133302 seconds.
  path: Assets/arteTemp/mão costa.psd
  artifactKey: Guid(d945068de2bfd494a99f95ae26916ba0) Importer(815301076,1909f56bfc062723c751e8b465ee728b)
Start importing Assets/arteTemp/mão costa.psd using Guid(d945068de2bfd494a99f95ae26916ba0) Importer(815301076,1909f56bfc062723c751e8b465ee728b)  -> (artifact id: '039e0c262bc5805c3775436c5b7c0b6f') in 0.012413 seconds
  Import took 0.014838 seconds .

========================================================================
Received Import Request.
  Time since last request: 19.778008 seconds.
  path: Assets/arteTemp/mão costa.psd
  artifactKey: Guid(d945068de2bfd494a99f95ae26916ba0) Importer(815301076,1909f56bfc062723c751e8b465ee728b)
Start importing Assets/arteTemp/mão costa.psd using Guid(d945068de2bfd494a99f95ae26916ba0) Importer(815301076,1909f56bfc062723c751e8b465ee728b)  -> (artifact id: 'baa261642affce602f99ed3d70ebf98d') in 0.009450 seconds
  Import took 0.011880 seconds .

========================================================================
Received Prepare
Registering precompiled user dll's ...
Registered in 0.002914 seconds.
Begin MonoManager ReloadAssembly
Native extension for WindowsStandalone target not found
Native extension for WebGL target not found
Refreshing native plugins compatible for Editor in 0.35 ms, found 2 plugins.
Preloading 0 native plugins for Editor in 0.00 ms.
Mono: successfully reloaded assembly
- Completed reload, in  1.050 seconds
Platform modules already initialized, skipping
Refreshing native plugins compatible for Editor in 0.30 ms, found 2 plugins.
Preloading 0 native plugins for Editor in 0.00 ms.
Unloading 1382 Unused Serialized files (Serialized files now loaded: 0)
System memory in use before: 67.8 MB.
System memory in use after: 67.9 MB.

Unloading 15 unused Assets to reduce memory usage. Loaded Objects now: 1924.
Total: 1.722146 ms (FindLiveObjects: 0.137657 ms CreateObjectMapping: 0.034083 ms MarkObjects: 1.478470 ms  DeleteObjects: 0.066210 ms)

========================================================================
Received Prepare
Registering precompiled user dll's ...
Registered in 0.003647 seconds.
Begin MonoManager ReloadAssembly
Native extension for WindowsStandalone target not found
Native extension for WebGL target not found
Refreshing native plugins compatible for Editor in 0.35 ms, found 2 plugins.
Preloading 0 native plugins for Editor in 0.00 ms.
Mono: successfully reloaded assembly
- Completed reload, in  1.038 seconds
Platform modules already initialized, skipping
Refreshing native plugins compatible for Editor in 0.25 ms, found 2 plugins.
Preloading 0 native plugins for Editor in 0.00 ms.
Unloading 1382 Unused Serialized files (Serialized files now loaded: 0)
System memory in use before: 67.8 MB.
System memory in use after: 67.9 MB.

Unloading 13 unused Assets to reduce memory usage. Loaded Objects now: 1927.
Total: 1.698540 ms (FindLiveObjects: 0.169365 ms CreateObjectMapping: 0.033594 ms MarkObjects: 1.474699 ms  DeleteObjects: 0.015156 ms)

